0 info it worked if it ends with ok
1 verbose cli [ '/usr/bin/nodejs', '/usr/bin/npm', 'start' ]
2 info using npm@4.1.2
3 info using node@v7.7.3
4 verbose run-script [ 'prestart', 'start', 'poststart' ]
5 info lifecycle serverMeteor@~prestart: serverMeteor@
6 silly lifecycle serverMeteor@~prestart: no script for prestart, continuing
7 info lifecycle serverMeteor@~start: serverMeteor@
8 verbose lifecycle serverMeteor@~start: unsafe-perm in lifecycle true
9 verbose lifecycle serverMeteor@~start: PATH: /usr/lib/node_modules/npm/bin/node-gyp-bin:/home/tom/Programmation/Muscu-app/partners/serverMeteor/node_modules/.bin:/usr/bin:/bin:/usr/sbin:/sbin:/home/tom/.local/share/umake/bin:/usr/local/sbin:/usr/local/bin:/usr/sbin:/usr/bin:/sbin:/bin:/usr/games:/usr/local/games:/snap/bin:/home/tom/scripts:/home/tom/.yarn/bin:/home/tom/Softwares/Android/Sdk/tools:/home/tom/Softwares/Android/Sdk/platform-tools
10 verbose lifecycle serverMeteor@~start: CWD: /home/tom/Programmation/Muscu-app/partners/serverMeteor
11 silly lifecycle serverMeteor@~start: Args: [ '-c', 'meteor --settings settings.json' ]
12 silly lifecycle serverMeteor@~start: Returned: code: 254  signal: null
13 info lifecycle serverMeteor@~start: Failed to exec start script
14 verbose stack Error: serverMeteor@ start: `meteor --settings settings.json`
14 verbose stack Exit status 254
14 verbose stack     at EventEmitter.<anonymous> (/usr/lib/node_modules/npm/lib/utils/lifecycle.js:279:16)
14 verbose stack     at emitTwo (events.js:106:13)
14 verbose stack     at EventEmitter.emit (events.js:194:7)
14 verbose stack     at ChildProcess.<anonymous> (/usr/lib/node_modules/npm/lib/utils/spawn.js:40:14)
14 verbose stack     at emitTwo (events.js:106:13)
14 verbose stack     at ChildProcess.emit (events.js:194:7)
14 verbose stack     at maybeClose (internal/child_process.js:899:16)
14 verbose stack     at Process.ChildProcess._handle.onexit (internal/child_process.js:226:5)
15 verbose pkgid serverMeteor@
16 verbose cwd /home/tom/Programmation/Muscu-app/partners/serverMeteor
17 error Linux 4.8.0-41-generic
18 error argv "/usr/bin/nodejs" "/usr/bin/npm" "start"
19 error node v7.7.3
20 error npm  v4.1.2
21 error code ELIFECYCLE
22 error serverMeteor@ start: `meteor --settings settings.json`
22 error Exit status 254
23 error Failed at the serverMeteor@ start script 'meteor --settings settings.json'.
23 error Make sure you have the latest version of node.js and npm installed.
23 error If you do, this is most likely a problem with the serverMeteor package,
23 error not with npm itself.
23 error Tell the author that this fails on your system:
23 error     meteor --settings settings.json
23 error You can get information on how to open an issue for this project with:
23 error     npm bugs serverMeteor
23 error Or if that isn't available, you can get their info via:
23 error     npm owner ls serverMeteor
23 error There is likely additional logging output above.
24 verbose exit [ 1, true ]
